Traceback (most recent call last):
  File "/Users/VictorMagdaleno/opt/anaconda3/lib/python3.7/site-packages/jupyter_cache/executors/utils.py", line 56, in single_nb_execution
    record_timing=False,
  File "/Users/VictorMagdaleno/opt/anaconda3/lib/python3.7/site-packages/nbclient/client.py", line 1087, in execute
    return NotebookClient(nb=nb, resources=resources, km=km, **kwargs).execute()
  File "/Users/VictorMagdaleno/opt/anaconda3/lib/python3.7/site-packages/nbclient/util.py", line 74, in wrapped
    return just_run(coro(*args, **kwargs))
  File "/Users/VictorMagdaleno/opt/anaconda3/lib/python3.7/site-packages/nbclient/util.py", line 53, in just_run
    return loop.run_until_complete(coro)
  File "/Users/VictorMagdaleno/opt/anaconda3/lib/python3.7/asyncio/base_events.py", line 583, in run_until_complete
    return future.result()
  File "/Users/VictorMagdaleno/opt/anaconda3/lib/python3.7/site-packages/nbclient/client.py", line 541, in async_execute
    cell, index, execution_count=self.code_cells_executed + 1
  File "/Users/VictorMagdaleno/opt/anaconda3/lib/python3.7/site-packages/nbclient/client.py", line 832, in async_execute_cell
    self._check_raise_for_error(cell, exec_reply)
  File "/Users/VictorMagdaleno/opt/anaconda3/lib/python3.7/site-packages/nbclient/client.py", line 740, in _check_raise_for_error
    raise CellExecutionError.from_cell_and_msg(cell, exec_reply['content'])
nbclient.exceptions.CellExecutionError: An error occurred while executing the following cell:
------------------
dg.response
------------------

[0;31m---------------------------------------------------------------------------[0m
[0;31mMissingStimulusException[0m                  Traceback (most recent call last)
[0;32m<ipython-input-15-8639a4bdb5d5>[0m in [0;36m<module>[0;34m[0m
[0;32m----> 1[0;31m [0mdg[0m[0;34m.[0m[0mresponse[0m[0;34m[0m[0;34m[0m[0m
[0m
[0;32m~/opt/anaconda3/lib/python3.7/site-packages/allensdk/brain_observatory/stimulus_analysis.py[0m in [0;36mresponse[0;34m(self)[0m
[1;32m    127[0m     [0;32mdef[0m [0mresponse[0m[0;34m([0m[0mself[0m[0;34m)[0m[0;34m:[0m[0;34m[0m[0;34m[0m[0m
[1;32m    128[0m         [0;32mif[0m [0mself[0m[0;34m.[0m[0m_response[0m [0;32mis[0m [0mStimulusAnalysis[0m[0;34m.[0m[0m_PRELOAD[0m[0;34m:[0m[0;34m[0m[0;34m[0m[0m
[0;32m--> 129[0;31m             [0mself[0m[0;34m.[0m[0m_response[0m [0;34m=[0m [0mself[0m[0;34m.[0m[0mget_response[0m[0;34m([0m[0;34m)[0m[0;34m[0m[0;34m[0m[0m
[0m[1;32m    130[0m [0;34m[0m[0m
[1;32m    131[0m         [0;32mreturn[0m [0mself[0m[0;34m.[0m[0m_response[0m[0;34m[0m[0;34m[0m[0m

[0;32m~/opt/anaconda3/lib/python3.7/site-packages/allensdk/brain_observatory/drifting_gratings.py[0m in [0;36mget_response[0;34m(self)[0m
[1;32m    118[0m [0;34m[0m[0m
[1;32m    119[0m         response = np.empty(
[0;32m--> 120[0;31m             (self.number_ori, self.number_tf, self.numbercells + 1, 3))
[0m[1;32m    121[0m [0;34m[0m[0m
[1;32m    122[0m         [0;32mdef[0m [0mptest[0m[0;34m([0m[0mx[0m[0;34m)[0m[0;34m:[0m[0;34m[0m[0;34m[0m[0m

[0;32m~/opt/anaconda3/lib/python3.7/site-packages/allensdk/brain_observatory/drifting_gratings.py[0m in [0;36mnumber_ori[0;34m(self)[0m
[1;32m     85[0m     [0;32mdef[0m [0mnumber_ori[0m[0;34m([0m[0mself[0m[0;34m)[0m[0;34m:[0m[0;34m[0m[0;34m[0m[0m
[1;32m     86[0m         [0;32mif[0m [0mself[0m[0;34m.[0m[0m_number_ori[0m [0;32mis[0m [0mDriftingGratings[0m[0;34m.[0m[0m_PRELOAD[0m[0;34m:[0m[0;34m[0m[0;34m[0m[0m
[0;32m---> 87[0;31m             [0mself[0m[0;34m.[0m[0mpopulate_stimulus_table[0m[0;34m([0m[0;34m)[0m[0;34m[0m[0;34m[0m[0m
[0m[1;32m     88[0m [0;34m[0m[0m
[1;32m     89[0m         [0;32mreturn[0m [0mself[0m[0;34m.[0m[0m_number_ori[0m[0;34m[0m[0;34m[0m[0m

[0;32m~/opt/anaconda3/lib/python3.7/site-packages/allensdk/brain_observatory/drifting_gratings.py[0m in [0;36mpopulate_stimulus_table[0;34m(self)[0m
[1;32m     97[0m [0;34m[0m[0m
[1;32m     98[0m     [0;32mdef[0m [0mpopulate_stimulus_table[0m[0;34m([0m[0mself[0m[0;34m)[0m[0;34m:[0m[0;34m[0m[0;34m[0m[0m
[0;32m---> 99[0;31m         [0mstimulus_table[0m [0;34m=[0m [0mself[0m[0;34m.[0m[0mdata_set[0m[0;34m.[0m[0mget_stimulus_table[0m[0;34m([0m[0;34m'drifting_gratings'[0m[0;34m)[0m[0;34m[0m[0;34m[0m[0m
[0m[1;32m    100[0m         [0mself[0m[0;34m.[0m[0m_stim_table[0m [0;34m=[0m [0mstimulus_table[0m[0;34m.[0m[0mfillna[0m[0;34m([0m[0mvalue[0m[0;34m=[0m[0;36m0.[0m[0;34m)[0m[0;34m[0m[0;34m[0m[0m
[1;32m    101[0m         [0mself[0m[0;34m.[0m[0m_orivals[0m [0;34m=[0m [0mnp[0m[0;34m.[0m[0munique[0m[0;34m([0m[0mself[0m[0;34m.[0m[0mstim_table[0m[0;34m.[0m[0morientation[0m[0;34m)[0m[0;34m.[0m[0mastype[0m[0;34m([0m[0mint[0m[0;34m)[0m[0;34m[0m[0;34m[0m[0m

[0;32m~/opt/anaconda3/lib/python3.7/site-packages/allensdk/core/brain_observatory_nwb_data_set.py[0m in [0;36mget_stimulus_table[0;34m(self, stimulus_name)[0m
[1;32m    559[0m         [0;32mwith[0m [0mh5py[0m[0;34m.[0m[0mFile[0m[0;34m([0m[0mself[0m[0;34m.[0m[0mnwb_file[0m[0;34m,[0m [0;34m'r'[0m[0;34m)[0m [0;32mas[0m [0mnwb_file[0m[0;34m:[0m[0;34m[0m[0;34m[0m[0m
[1;32m    560[0m [0;34m[0m[0m
[0;32m--> 561[0;31m             [0mstimulus_group[0m [0;34m=[0m [0m_find_stimulus_presentation_group[0m[0;34m([0m[0mnwb_file[0m[0;34m,[0m [0mstimulus_name[0m[0;34m)[0m[0;34m[0m[0;34m[0m[0m
[0m[1;32m    562[0m [0;34m[0m[0m
[1;32m    563[0m             [0;32mif[0m [0mstimulus_name[0m [0;32min[0m [0mself[0m[0;34m.[0m[0mSTIMULUS_TABLE_TYPES[0m[0;34m[[0m[0;34m'abstract_feature_series'[0m[0;34m][0m[0;34m:[0m[0;34m[0m[0;34m[0m[0m

[0;32m~/opt/anaconda3/lib/python3.7/site-packages/allensdk/core/brain_observatory_nwb_data_set.py[0m in [0;36m_find_stimulus_presentation_group[0;34m(nwb_file, stimulus_name, base_path, group_patterns)[0m
[1;32m    980[0m         raise MissingStimulusException(
[1;32m    981[0m             [0;34m'Unable to locate stimulus: {}. '[0m[0;34m[0m[0;34m[0m[0m
[0;32m--> 982[0;31m             [0;34m'Looked for this stimulus under the names: {} '[0m[0;34m.[0m[0mformat[0m[0;34m([0m[0mstimulus_name[0m[0;34m,[0m [0mgroup_candidates[0m[0;34m)[0m[0;34m[0m[0;34m[0m[0m
[0m[1;32m    983[0m             )
[1;32m    984[0m [0;34m[0m[0m

[0;31mMissingStimulusException[0m: Unable to locate stimulus: drifting_gratings. Looked for this stimulus under the names: ['drifting_gratings', 'drifting_gratings_stimulus'] 
MissingStimulusException: Unable to locate stimulus: drifting_gratings. Looked for this stimulus under the names: ['drifting_gratings', 'drifting_gratings_stimulus'] 

