Traceback (most recent call last):
  File "/Users/ashley/anaconda3/lib/python3.7/site-packages/jupyter_cache/executors/utils.py", line 56, in single_nb_execution
    record_timing=False,
  File "/Users/ashley/anaconda3/lib/python3.7/site-packages/nbclient/client.py", line 1112, in execute
    return NotebookClient(nb=nb, resources=resources, km=km, **kwargs).execute()
  File "/Users/ashley/anaconda3/lib/python3.7/site-packages/nbclient/util.py", line 74, in wrapped
    return just_run(coro(*args, **kwargs))
  File "/Users/ashley/anaconda3/lib/python3.7/site-packages/nbclient/util.py", line 53, in just_run
    return loop.run_until_complete(coro)
  File "/Users/ashley/anaconda3/lib/python3.7/asyncio/base_events.py", line 584, in run_until_complete
    return future.result()
  File "/Users/ashley/anaconda3/lib/python3.7/site-packages/nbclient/client.py", line 554, in async_execute
    cell, index, execution_count=self.code_cells_executed + 1
  File "/Users/ashley/anaconda3/lib/python3.7/site-packages/nbclient/client.py", line 857, in async_execute_cell
    self._check_raise_for_error(cell, exec_reply)
  File "/Users/ashley/anaconda3/lib/python3.7/site-packages/nbclient/client.py", line 760, in _check_raise_for_error
    raise CellExecutionError.from_cell_and_msg(cell, exec_reply_content)
nbclient.exceptions.CellExecutionError: An error occurred while executing the following cell:
------------------
# Import necessary packages 
import numpy as np
import seaborn as sns
import matplotlib.pyplot as plt
import warnings
warnings.filterwarnings('ignore')
import matplotlib.patches as mpatches

# Import the Neuropixels Cache
from allensdk.brain_observatory.ecephys.ecephys_project_cache import EcephysProjectCache
from allensdk.brain_observatory.ecephys.ecephys_project_api import EcephysProjectWarehouseApi
from allensdk.brain_observatory.ecephys.ecephys_project_api.rma_engine import RmaEngine

# Import packages necessary to plot behavior
import allensdk.brain_observatory.ecephys.visualization as ecvis
from allensdk.brain_observatory.visualization import plot_running_speed
from spykes.plot.neurovis import NeuroVis
from spykes.plot.popvis import PopVis

# Assign where neuropixels data and 2-photon data will be stored
manifest_path = 'manifest.json' 


# Create the EcephysProjectCache object
cache = EcephysProjectCache(manifest=manifest_path,
                            fetch_api=EcephysProjectWarehouseApi(RmaEngine(scheme="http",host="api.brain-map.org",timeout= 50 * 60)))          

# Download our session data 
session = cache.get_session_data(721123822)

print('Session downloaded.')
------------------

[0;31m---------------------------------------------------------------------------[0m
[0;31mModuleNotFoundError[0m                       Traceback (most recent call last)
[0;32m<ipython-input-2-b82c37958adf>[0m in [0;36m<module>[0;34m[0m
[1;32m     15[0m [0;32mimport[0m [0mallensdk[0m[0;34m.[0m[0mbrain_observatory[0m[0;34m.[0m[0mecephys[0m[0;34m.[0m[0mvisualization[0m [0;32mas[0m [0mecvis[0m[0;34m[0m[0;34m[0m[0m
[1;32m     16[0m [0;32mfrom[0m [0mallensdk[0m[0;34m.[0m[0mbrain_observatory[0m[0;34m.[0m[0mvisualization[0m [0;32mimport[0m [0mplot_running_speed[0m[0;34m[0m[0;34m[0m[0m
[0;32m---> 17[0;31m [0;32mfrom[0m [0mspykes[0m[0;34m.[0m[0mplot[0m[0;34m.[0m[0mneurovis[0m [0;32mimport[0m [0mNeuroVis[0m[0;34m[0m[0;34m[0m[0m
[0m[1;32m     18[0m [0;32mfrom[0m [0mspykes[0m[0;34m.[0m[0mplot[0m[0;34m.[0m[0mpopvis[0m [0;32mimport[0m [0mPopVis[0m[0;34m[0m[0;34m[0m[0m
[1;32m     19[0m [0;34m[0m[0m

[0;31mModuleNotFoundError[0m: No module named 'spykes'
ModuleNotFoundError: No module named 'spykes'

