Traceback (most recent call last):
  File "/Users/ashley/anaconda3/lib/python3.7/site-packages/jupyter_cache/executors/utils.py", line 56, in single_nb_execution
    record_timing=False,
  File "/Users/ashley/anaconda3/lib/python3.7/site-packages/nbclient/client.py", line 1112, in execute
    return NotebookClient(nb=nb, resources=resources, km=km, **kwargs).execute()
  File "/Users/ashley/anaconda3/lib/python3.7/site-packages/nbclient/util.py", line 74, in wrapped
    return just_run(coro(*args, **kwargs))
  File "/Users/ashley/anaconda3/lib/python3.7/site-packages/nbclient/util.py", line 53, in just_run
    return loop.run_until_complete(coro)
  File "/Users/ashley/anaconda3/lib/python3.7/asyncio/base_events.py", line 584, in run_until_complete
    return future.result()
  File "/Users/ashley/anaconda3/lib/python3.7/site-packages/nbclient/client.py", line 554, in async_execute
    cell, index, execution_count=self.code_cells_executed + 1
  File "/Users/ashley/anaconda3/lib/python3.7/site-packages/nbclient/client.py", line 857, in async_execute_cell
    self._check_raise_for_error(cell, exec_reply)
  File "/Users/ashley/anaconda3/lib/python3.7/site-packages/nbclient/client.py", line 760, in _check_raise_for_error
    raise CellExecutionError.from_cell_and_msg(cell, exec_reply_content)
nbclient.exceptions.CellExecutionError: An error occurred while executing the following cell:
------------------
# specify event of interest to extract trial data 
segmentation_settings = [
    {'event':'dFoF_initToneAl', 'pre': -10000, 'post': 100},
    {'event':'dFoF_stimAl_noEarlyDec', 'pre': -100, 'post': 10000},
    {'event':'dFoF_firstSideTryAl', 'pre': -250, 'post': 250},
    {'event':'dFoF_rewardAl', 'pre': -250, 'post': 10000}]

# extract trial-based data and average over trial
trial_avg_segments = {}
for setting in segmentation_settings:
    # extract segment
    out = get_trialsegmented_roi_timeseries(setting['event'], setting['pre'], setting['post'], trial_seg_module)
    # average over trial
    trial_avg_segments[setting['event']] = (np.nanmean(out[0], axis=2), out[1])
------------------

[0;31m---------------------------------------------------------------------------[0m
[0;31mAttributeError[0m                            Traceback (most recent call last)
[0;32m<ipython-input-4-e6d7053ab55f>[0m in [0;36m<module>[0;34m[0m
[1;32m     10[0m [0;32mfor[0m [0msetting[0m [0;32min[0m [0msegmentation_settings[0m[0;34m:[0m[0;34m[0m[0;34m[0m[0m
[1;32m     11[0m     [0;31m# extract segment[0m[0;34m[0m[0;34m[0m[0;34m[0m[0m
[0;32m---> 12[0;31m     [0mout[0m [0;34m=[0m [0mget_trialsegmented_roi_timeseries[0m[0;34m([0m[0msetting[0m[0;34m[[0m[0;34m'event'[0m[0;34m][0m[0;34m,[0m [0msetting[0m[0;34m[[0m[0;34m'pre'[0m[0;34m][0m[0;34m,[0m [0msetting[0m[0;34m[[0m[0;34m'post'[0m[0;34m][0m[0;34m,[0m [0mtrial_seg_module[0m[0;34m)[0m[0;34m[0m[0;34m[0m[0m
[0m[1;32m     13[0m     [0;31m# average over trial[0m[0;34m[0m[0;34m[0m[0;34m[0m[0m
[1;32m     14[0m     [0mtrial_avg_segments[0m[0;34m[[0m[0msetting[0m[0;34m[[0m[0;34m'event'[0m[0;34m][0m[0;34m][0m [0;34m=[0m [0;34m([0m[0mnp[0m[0;34m.[0m[0mnanmean[0m[0;34m([0m[0mout[0m[0;34m[[0m[0;36m0[0m[0;34m][0m[0;34m,[0m [0maxis[0m[0;34m=[0m[0;36m2[0m[0;34m)[0m[0;34m,[0m [0mout[0m[0;34m[[0m[0;36m1[0m[0;34m][0m[0;34m)[0m[0;34m[0m[0;34m[0m[0m

[0;32m<ipython-input-3-e81ffe923f6e>[0m in [0;36mget_trialsegmented_roi_timeseries[0;34m(event_name, pre_stim_dur, post_stim_dur, trial_seg_module)[0m
[1;32m      5[0m [0;32mdef[0m [0mget_trialsegmented_roi_timeseries[0m[0;34m([0m[0mevent_name[0m[0;34m,[0m [0mpre_stim_dur[0m[0;34m,[0m [0mpost_stim_dur[0m[0;34m,[0m [0mtrial_seg_module[0m[0;34m)[0m[0;34m:[0m[0;34m[0m[0;34m[0m[0m
[1;32m      6[0m     [0mevent_roi_timeseries[0m [0;34m=[0m [0mtrial_seg_module[0m[0;34m.[0m[0mget[0m[0;34m([0m[0mevent_name[0m[0;34m)[0m[0;34m.[0m[0mroi_response_series[0m[0;34m[0m[0;34m[0m[0m
[0;32m----> 7[0;31m     [0mtvec[0m [0;34m=[0m [0mevent_roi_timeseries[0m[0;34m.[0m[0mget[0m[0;34m([0m[0;34m'Trial_00'[0m[0;34m)[0m[0;34m.[0m[0mtimestamps[0m[0;34m.[0m[0mvalue[0m  [0;31m# timestamps from all trial are the same, so get one from trial_0[0m[0;34m[0m[0;34m[0m[0m
[0m[1;32m      8[0m     [0;31m# check if pre/post stim duration is out of bound[0m[0;34m[0m[0;34m[0m[0;34m[0m[0m
[1;32m      9[0m     [0mpre_stim_dur[0m [0;34m=[0m [0mnp[0m[0;34m.[0m[0mmaximum[0m[0;34m([0m[0mtvec[0m[0;34m[[0m[0;36m0[0m[0;34m][0m[0;34m,[0m [0mpre_stim_dur[0m[0;34m)[0m[0;34m[0m[0;34m[0m[0m

[0;31mAttributeError[0m: 'NoneType' object has no attribute 'value'
AttributeError: 'NoneType' object has no attribute 'value'

